<?xml version="1.0" encoding="UTF-8"?>
<testsuite xmlns:xsi="http://www.w3.org/2001/XMLSchema-instance" xsi:noNamespaceSchemaLocation="https://maven.apache.org/surefire/maven-surefire-plugin/xsd/surefire-test-report-3.0.xsd" version="3.0" name="com.trackerpro.TrackerProApplicationTests" time="5.552" tests="1" errors="0" skipped="0" failures="0">
  <properties>
[...]
</properties>
  <testcase name="contextLoads" classname="com.trackerpro.TrackerProApplicationTests" time="0.002">
    <system-out><![CDATA[
  .   ____          _            __ _ _
 /\\ / ___'_ __ _ _(_)_ __  __ _ \ \ \ \
( ( )\___ | '_ | '_| | '_ \/ _` | \ \ \ \
 \\/  ___)| |_)| | | | | || (_| |  ) ) ) )
  '  |____| .__|_| |_|_| |_\__, | / / / /
 =========|_|==============|___/=/_/_/_/

 :: Spring Boot ::                (v3.3.5)

2025-10-03T09:15:56.532Z DEBUG 3488 --- [tracker-pro-spts] [           main] org.hibernate.SQL                        : drop table if exists admins cascade 
2025-10-03T09:15:56.535Z DEBUG 3488 --- [tracker-pro-spts] [           main] org.hibernate.SQL                        : drop table if exists complaints cascade 
2025-10-03T09:15:56.535Z DEBUG 3488 --- [tracker-pro-spts] [           main] org.hibernate.SQL                        : drop table if exists courses cascade 
2025-10-03T09:15:56.535Z DEBUG 3488 --- [tracker-pro-spts] [           main] org.hibernate.SQL                        : drop table if exists student_applications cascade 
2025-10-03T09:15:56.536Z DEBUG 3488 --- [tracker-pro-spts] [           main] org.hibernate.SQL                        : drop table if exists students cascade 
2025-10-03T09:15:56.536Z DEBUG 3488 --- [tracker-pro-spts] [           main] org.hibernate.SQL                        : drop table if exists users cascade 
2025-10-03T09:15:56.538Z DEBUG 3488 --- [tracker-pro-spts] [           main] org.hibernate.SQL                        : create table admins (created_at timestamp(6) not null, last_login timestamp(6), updated_at timestamp(6), admin_id uuid not null, first_name varchar(50) not null, last_name varchar(50), username varchar(50) not null unique, email varchar(100) not null unique, password varchar(255) not null, status enum ('ACTIVE','INACTIVE','SUSPENDED') not null, primary key (admin_id))
2025-10-03T09:15:56.543Z DEBUG 3488 --- [tracker-pro-spts] [           main] org.hibernate.SQL                        : create table complaints (created_at timestamp(6) not null, resolved_at timestamp(6), updated_at timestamp(6), complaint_id uuid not null, category varchar(50) not null, student_email varchar(50), student_name varchar(100), description TEXT not null, resolution_notes TEXT, priority enum ('HIGH','LOW','MEDIUM','URGENT') not null, status enum ('CLOSED','IN_PROGRESS','OPEN','RESOLVED') not null, primary key (complaint_id))
2025-10-03T09:15:56.544Z DEBUG 3488 --- [tracker-pro-spts] [           main] org.hibernate.SQL                        : create table courses (batches_count integer not null, duration_months integer not null check ((duration_months<=60) and (duration_months>=1)), created_at timestamp(6) not null, updated_at timestamp(6), course_id uuid not null, course_code varchar(20) not null unique, category varchar(50) not null, course_title varchar(100) not null, prerequisites varchar(200), description TEXT, status enum ('ARCHIVED','DRAFT','PUBLISHED','SUSPENDED') not null, primary key (course_id))
2025-10-03T09:15:56.601Z DEBUG 3488 --- [tracker-pro-spts] [           main] org.hibernate.SQL                        : create table student_applications (progress_percentage integer not null, accepted_at timestamp(6), applied_at timestamp(6) not null, completed_at timestamp(6), interview_date timestamp(6), updated_at timestamp(6), application_id uuid not null, course_id uuid not null, student_id uuid not null, application_notes TEXT, status enum ('ACCEPTED','APPLIED','COMPLETED','INTERVIEW','REJECTED','UNDER_REVIEW') not null, primary key (application_id), unique (student_id))
2025-10-03T09:15:56.602Z DEBUG 3488 --- [tracker-pro-spts] [           main] org.hibernate.SQL                        : create table students (age integer not null check ((age<=25) and (age>=20)), registered_at timestamp(6) not null, updated_at timestamp(6), mobile_no varchar(10) not null, student_id uuid not null, first_name varchar(30) not null, last_name varchar(30), email varchar(50) not null unique, location varchar(50), date_of_birth varchar(255) not null, password varchar(255) not null, gender enum ('FEMALE','MALE','OTHER') not null, status enum ('COMPLETED','DROPPED','ENROLLED','REGISTERED','SUSPENDED') not null, primary key (student_id))
2025-10-03T09:15:56.603Z DEBUG 3488 --- [tracker-pro-spts] [           main] org.hibernate.SQL                        : create table users (created_at timestamp(6) not null, updated_at timestamp(6), mobile_no varchar(10), user_id uuid not null, first_name varchar(30) not null, last_name varchar(30), city varchar(50), email varchar(50) not null unique, date_of_birth varchar(255), password varchar(255) not null, gender enum ('FEMALE','MALE','OTHER'), role enum ('ADMIN','FACULTY','HR') not null, status enum ('ACTIVE','INACTIVE','PENDING','SUSPENDED') not null, primary key (user_id))
2025-10-03T09:15:56.604Z DEBUG 3488 --- [tracker-pro-spts] [           main] org.hibernate.SQL                        : alter table if exists student_applications add constraint FKd194oeec7nga3u8xbv22l6gb1 foreign key (course_id) references courses
2025-10-03T09:15:56.610Z DEBUG 3488 --- [tracker-pro-spts] [           main] org.hibernate.SQL                        : alter table if exists student_applications add constraint FKrvvm5qf7mef0631eyqiywniwd foreign key (student_id) references students
2025-10-03T09:15:58.135Z  INFO 3488 --- [tracker-pro-spts] [           main] r$InitializeUserDetailsManagerConfigurer : Global AuthenticationManager configured with UserDetailsService bean with name inMemoryUserDetailsManager
2025-10-03T09:15:58.318Z DEBUG 3488 --- [tracker-pro-spts] [           main] o.s.s.web.DefaultSecurityFilterChain     : Will secure any request with filters: DisableEncodeUrlFilter, WebAsyncManagerIntegrationFilter, SecurityContextHolderFilter, HeaderWriterFilter, CorsFilter, LogoutFilter, RequestCacheAwareFilter, SecurityContextHolderAwareRequestFilter, AnonymousAuthenticationFilter, SessionManagementFilter, ExceptionTranslationFilter, AuthorizationFilter
2025-10-03T09:15:58.630Z DEBUG 3488 --- [tracker-pro-spts] [           main] org.hibernate.SQL                        : select count(*) from admins a1_0
2025-10-03T09:15:58.902Z DEBUG 3488 --- [tracker-pro-spts] [           main] org.hibernate.SQL                        : select a1_0.admin_id,a1_0.created_at,a1_0.email,a1_0.first_name,a1_0.last_login,a1_0.last_name,a1_0.password,a1_0.status,a1_0.updated_at,a1_0.username from admins a1_0 where a1_0.admin_id=?
2025-10-03T09:15:58.919Z DEBUG 3488 --- [tracker-pro-spts] [           main] org.hibernate.SQL                        : insert into admins (created_at,email,first_name,last_login,last_name,password,status,updated_at,username,admin_id) values (?,?,?,?,?,?,?,?,?,?)
2025-10-03T09:15:58.924Z DEBUG 3488 --- [tracker-pro-spts] [           main] org.hibernate.SQL                        : select count(*) from users u1_0
2025-10-03T09:15:59.124Z DEBUG 3488 --- [tracker-pro-spts] [           main] org.hibernate.SQL                        : insert into users (city,created_at,date_of_birth,email,first_name,gender,last_name,mobile_no,password,role,status,updated_at,user_id) values (?,?,?,?,?,?,?,?,?,?,?,?,?)
2025-10-03T09:15:59.246Z DEBUG 3488 --- [tracker-pro-spts] [           main] org.hibernate.SQL                        : insert into users (city,created_at,date_of_birth,email,first_name,gender,last_name,mobile_no,password,role,status,updated_at,user_id) values (?,?,?,?,?,?,?,?,?,?,?,?,?)
]]></system-out>
  </testcase>
</testsuite>